<?xml version="1.0" encoding="UTF-8"?>
<testng-results ignored="0" total="1" passed="1" failed="0" skipped="0">
  <reporter-output>
  </reporter-output>
  <suite started-at="2023-01-04T09:30:33Z" name="Default suite" finished-at="2023-01-04T09:30:38Z" duration-ms="4764">
    <groups>
    </groups>
    <test started-at="2023-01-04T09:30:33Z" name="Default test" finished-at="2023-01-04T09:30:38Z" duration-ms="4764">
      <class name="testRunner.TestRunner">
        <test-method is-config="true" signature="beforeTest()[pri:0, instance:testRunner.TestRunner@27305e6]" started-at="2023-01-04T09:30:33Z" name="beforeTest" finished-at="2023-01-04T09:30:36Z" duration-ms="2672" status="PASS">
          <reporter-output>
          </reporter-output>
        </test-method> <!-- beforeTest -->
        <test-method signature="verifyMapWithLegend()[pri:0, instance:testRunner.TestRunner@27305e6]" started-at="2023-01-04T09:30:36Z" name="verifyMapWithLegend" finished-at="2023-01-04T09:30:38Z" duration-ms="1757" status="PASS">
          <reporter-output>
          </reporter-output>
        </test-method> <!-- verifyMapWithLegend -->
        <test-method is-config="true" signature="afterTest()[pri:0, instance:testRunner.TestRunner@27305e6]" started-at="2023-01-04T09:30:38Z" name="afterTest" finished-at="2023-01-04T09:30:38Z" duration-ms="223" status="PASS">
          <reporter-output>
          </reporter-output>
        </test-method> <!-- afterTest -->
      </class> <!-- testRunner.TestRunner -->
    </test> <!-- Default test -->
  </suite> <!-- Default suite -->
</testng-results>
